<?xml version="1.0" encoding="UTF-8"?>
<testng-results skipped="0" failed="1" ignored="0" total="4" passed="3">
  <reporter-output>
  </reporter-output>
  <suite name="Suite" duration-ms="58537" started-at="2020-07-28T04:22:52Z" finished-at="2020-07-28T04:23:50Z">
    <groups>
    </groups>
    <test name="Test" duration-ms="58537" started-at="2020-07-28T04:22:52Z" finished-at="2020-07-28T04:23:50Z">
      <class name="com.test.qa.testcases.HomePageTest">
        <test-method status="PASS" signature="setup()[pri:0, instance:com.test.qa.testcases.HomePageTest@149e0f5d]" name="setup" is-config="true" duration-ms="24388" started-at="2020-07-28T09:52:52Z" finished-at="2020-07-28T09:53:16Z">
          <reporter-output>
          </reporter-output>
        </test-method> <!-- setup -->
        <test-method status="PASS" signature="verifyHomePageTitleTest()[pri:0, instance:com.test.qa.testcases.HomePageTest@149e0f5d]" name="verifyHomePageTitleTest" duration-ms="27" started-at="2020-07-28T09:53:16Z" finished-at="2020-07-28T09:53:16Z">
          <reporter-output>
          </reporter-output>
        </test-method> <!-- verifyHomePageTitleTest -->
        <test-method status="PASS" signature="verifyHomePageImgTest()[pri:1, instance:com.test.qa.testcases.HomePageTest@149e0f5d]" name="verifyHomePageImgTest" duration-ms="330" started-at="2020-07-28T09:53:16Z" finished-at="2020-07-28T09:53:16Z">
          <reporter-output>
          </reporter-output>
        </test-method> <!-- verifyHomePageImgTest -->
        <test-method status="FAIL" signature="verifyContactLinkHomePageTest()[pri:2, instance:com.test.qa.testcases.HomePageTest@149e0f5d]" name="verifyContactLinkHomePageTest" duration-ms="31286" started-at="2020-07-28T09:53:16Z" finished-at="2020-07-28T09:53:48Z">
          <exception class="java.lang.AssertionError">
            <message>
              <![CDATA[expected [false] but found [true]]]>
            </message>
            <full-stacktrace>
              <![CDATA[java.lang.AssertionError: expected [false] but found [true]
	at org.testng.Assert.fail(Assert.java:93)
	at org.testng.Assert.failNotEquals(Assert.java:512)
	at org.testng.Assert.assertEqualsImpl(Assert.java:134)
	at org.testng.Assert.assertEquals(Assert.java:115)
	at org.testng.Assert.assertEquals(Assert.java:304)
	at org.testng.Assert.assertEquals(Assert.java:314)
	at com.test.qa.testcases.HomePageTest.verifyContactLinkHomePageTest(HomePageTest.java:51)
	at sun.reflect.NativeMethodAccessorImpl.invoke0(Native Method)
	at sun.reflect.NativeMethodAccessorImpl.invoke(NativeMethodAccessorImpl.java:62)
	at sun.reflect.DelegatingMethodAccessorImpl.invoke(DelegatingMethodAccessorImpl.java:43)
	at java.lang.reflect.Method.invoke(Method.java:498)
	at org.testng.internal.MethodInvocationHelper.invokeMethod(MethodInvocationHelper.java:108)
	at org.testng.internal.Invoker.invokeMethod(Invoker.java:661)
	at org.testng.internal.Invoker.invokeTestMethod(Invoker.java:869)
	at org.testng.internal.Invoker.invokeTestMethods(Invoker.java:1193)
	at org.testng.internal.TestMethodWorker.invokeTestMethods(TestMethodWorker.java:126)
	at org.testng.internal.TestMethodWorker.run(TestMethodWorker.java:109)
	at org.testng.TestRunner.privateRun(TestRunner.java:744)
	at org.testng.TestRunner.run(TestRunner.java:602)
	at org.testng.SuiteRunner.runTest(SuiteRunner.java:380)
	at org.testng.SuiteRunner.runSequentially(SuiteRunner.java:375)
	at org.testng.SuiteRunner.privateRun(SuiteRunner.java:340)
	at org.testng.SuiteRunner.run(SuiteRunner.java:289)
	at org.testng.SuiteRunnerWorker.runSuite(SuiteRunnerWorker.java:52)
	at org.testng.SuiteRunnerWorker.run(SuiteRunnerWorker.java:86)
	at org.testng.TestNG.runSuitesSequentially(TestNG.java:1301)
	at org.testng.TestNG.runSuitesLocally(TestNG.java:1226)
	at org.testng.TestNG.runSuites(TestNG.java:1144)
	at org.testng.TestNG.run(TestNG.java:1115)
	at org.testng.remote.AbstractRemoteTestNG.run(AbstractRemoteTestNG.java:114)
	at org.testng.remote.RemoteTestNG.initAndRun(RemoteTestNG.java:251)
	at org.testng.remote.RemoteTestNG.main(RemoteTestNG.java:77)
]]>
            </full-stacktrace>
          </exception> <!-- java.lang.AssertionError -->
          <reporter-output>
          </reporter-output>
        </test-method> <!-- verifyContactLinkHomePageTest -->
        <test-method status="PASS" signature="verifySigninLinkHomePageTest()[pri:3, instance:com.test.qa.testcases.HomePageTest@149e0f5d]" name="verifySigninLinkHomePageTest" duration-ms="90" started-at="2020-07-28T09:53:48Z" finished-at="2020-07-28T09:53:48Z">
          <reporter-output>
          </reporter-output>
        </test-method> <!-- verifySigninLinkHomePageTest -->
        <test-method status="PASS" signature="EndTest()[pri:0, instance:com.test.qa.testcases.HomePageTest@149e0f5d]" name="EndTest" is-config="true" duration-ms="2344" started-at="2020-07-28T09:53:48Z" finished-at="2020-07-28T09:53:50Z">
          <reporter-output>
          </reporter-output>
        </test-method> <!-- EndTest -->
      </class> <!-- com.test.qa.testcases.HomePageTest -->
    </test> <!-- Test -->
  </suite> <!-- Suite -->
</testng-results>
